0 info it worked if it ends with ok
1 verbose cli [ '/usr/local/Cellar/node/4.1.1/bin/node',
1 verbose cli   '/usr/local/bin/npm',
1 verbose cli   'publish' ]
2 info using npm@2.14.4
3 info using node@v4.1.1
4 verbose publish [ '.' ]
5 silly cache add args [ '.', null ]
6 verbose cache add spec .
7 silly cache add parsed spec Result {
7 silly cache add   raw: '.',
7 silly cache add   scope: null,
7 silly cache add   name: null,
7 silly cache add   rawSpec: '.',
7 silly cache add   spec: '/Users/mkurian/Github/node-configify',
7 silly cache add   type: 'directory' }
8 verbose addLocalDirectory /Users/mkurian/.npm/config-browserify/1.0.4/package.tgz not in flight; packing
9 verbose tar pack [ '/Users/mkurian/.npm/config-browserify/1.0.4/package.tgz',
9 verbose tar pack   '/Users/mkurian/Github/node-configify' ]
10 verbose tarball /Users/mkurian/.npm/config-browserify/1.0.4/package.tgz
11 verbose folder /Users/mkurian/Github/node-configify
12 info prepublish config-browserify@1.0.4
13 verbose addLocalTarball adding from inside cache /Users/mkurian/.npm/config-browserify/1.0.4/package.tgz
14 silly cache afterAdd config-browserify@1.0.4
15 verbose afterAdd /Users/mkurian/.npm/config-browserify/1.0.4/package/package.json not in flight; writing
16 verbose afterAdd /Users/mkurian/.npm/config-browserify/1.0.4/package/package.json written
17 silly publish { name: 'config-browserify',
17 silly publish   version: '1.0.4',
17 silly publish   dependencies: { config: '^1.14.0', falafel: '^1.1.0', through2: '^2.0.0' },
17 silly publish   description: 'Browserify transform for node-config (aka. config) library',
17 silly publish   main: 'index.js',
17 silly publish   devDependencies: {},
17 silly publish   author: { name: 'Mathew Kurian' },
17 silly publish   license: 'ISC',
17 silly publish   readme: '# Configify\nBrowserify transform for [node-config](https://github.com/lorenwest/node-config) library\n\n### Install\n```\nnpm install config-browserify\n```\n\n### Example\n### Setup (via Grunt OR package.json)\n**Gruntfile.js**\n```js\nvar configify = require(\'config-browserify\');\n// ...\n{\n    // ...\n\tbrowserify: {\n\t\toptions: {\n\t\t\ttransform: [configify]\n\t\t}\n\t}\n\t// ...\n}\n```\n**package.json**\n```js\n{\n  "name": "mymodule",\n  "browserify": {\n    "transform": "config-browserify"\n  }\n}\n```\n\n### Usage\n**ClientSide.js** (which will be bundled by browserify)\n```js\nvar config = require(\'config\');\nglobal.window && console.log(config.get(\'Client.testProperty\')); // prints `hello!`\n```\n\n**config/default.json**\n```js\n{\n  "Client": {\n  \t"testProperty": "hello!"\n  }\n}\n```\n\n#### Important \n- For security purposes, only the `Client` level config properties can be accessible from client-side code (which is bundled by browserify)\n- For support for server-side rendering frameworks, there is no support for `watchify` at the moment. The entire app must be restarted in order to get config properties which were modified since the server started.\n',
17 silly publish   readmeFilename: 'README.md',
17 silly publish   gitHead: '13ef096d2418e6c88963ed1ed73a32deb36dbfbd',
17 silly publish   _id: 'config-browserify@1.0.4',
17 silly publish   scripts: {},
17 silly publish   _shasum: '0ba044e1ab2e1032b329c321cee9b13218c4ca57',
17 silly publish   _from: '.' }
18 verbose getPublishConfig undefined
19 silly mapToRegistry name config-browserify
20 silly mapToRegistry using default registry
21 silly mapToRegistry registry https://registry.npmjs.org/
22 silly mapToRegistry uri https://registry.npmjs.org/config-browserify
23 verbose publish registryBase https://registry.npmjs.org/
24 silly publish uploading /Users/mkurian/.npm/config-browserify/1.0.4/package.tgz
25 verbose request uri https://registry.npmjs.org/config-browserify
26 verbose request sending authorization for write operation
27 info attempt registry request try #1 at 5:18:39 PM
28 verbose request using bearer token for auth
29 verbose request id 76e5e99c90932dc7
30 http request PUT https://registry.npmjs.org/config-browserify
31 http 403 https://registry.npmjs.org/config-browserify
32 verbose headers { 'content-type': 'application/json',
32 verbose headers   'cache-control': 'max-age=60',
32 verbose headers   'content-length': '95',
32 verbose headers   'accept-ranges': 'bytes',
32 verbose headers   date: 'Tue, 13 Oct 2015 22:18:41 GMT',
32 verbose headers   via: '1.1 varnish',
32 verbose headers   connection: 'keep-alive',
32 verbose headers   'x-served-by': 'cache-ord1722-ORD',
32 verbose headers   'x-cache': 'MISS',
32 verbose headers   'x-cache-hits': '0',
32 verbose headers   'x-timer': 'S1444774720.566209,VS0,VE1134' }
33 verbose request invalidating /Users/mkurian/.npm/registry.npmjs.org/config-browserify on PUT
34 error publish Failed PUT 403
35 verbose stack Error: "You cannot publish over the previously published version 1.0.4." : config-browserify
35 verbose stack     at makeError (/usr/local/lib/node_modules/npm/node_modules/npm-registry-client/lib/request.js:263:12)
35 verbose stack     at CachingRegistryClient.<anonymous> (/usr/local/lib/node_modules/npm/node_modules/npm-registry-client/lib/request.js:251:14)
35 verbose stack     at Request._callback (/usr/local/lib/node_modules/npm/node_modules/npm-registry-client/lib/request.js:171:14)
35 verbose stack     at Request.self.callback (/usr/local/lib/node_modules/npm/node_modules/request/request.js:198:22)
35 verbose stack     at emitTwo (events.js:87:13)
35 verbose stack     at Request.emit (events.js:172:7)
35 verbose stack     at Request.<anonymous> (/usr/local/lib/node_modules/npm/node_modules/request/request.js:1073:14)
35 verbose stack     at emitOne (events.js:82:20)
35 verbose stack     at Request.emit (events.js:169:7)
35 verbose stack     at IncomingMessage.<anonymous> (/usr/local/lib/node_modules/npm/node_modules/request/request.js:1019:12)
36 verbose statusCode 403
37 verbose pkgid config-browserify
38 verbose cwd /Users/mkurian/Github/node-configify
39 error Darwin 14.5.0
40 error argv "/usr/local/Cellar/node/4.1.1/bin/node" "/usr/local/bin/npm" "publish"
41 error node v4.1.1
42 error npm  v2.14.4
43 error code E403
44 error "You cannot publish over the previously published version 1.0.4." : config-browserify
45 error If you need help, you may report this error at:
45 error     <https://github.com/npm/npm/issues>
46 verbose exit [ 1, true ]
